current directory: /Users/miguel/RxSwift+MVVM-Demo/bundler/ruby/2.6.0/gems/ffi-1.13.1/ext/ffi_c
/Users/miguel/.rbenv/versions/2.6.3/bin/ruby -I /Users/miguel/.rbenv/versions/2.6.3/lib/ruby/2.6.0 -r ./siteconf20200612-2833-18zpwkm.rb extconf.rb
checking for ffi.h... no
checking for ffi.h in /usr/local/include,/usr/include/ffi,/Library/Developer/CommandLineTools/SDKs/MacOSX.sdk/usr/include/ffi,/Applications/Xcode.app/Contents/Developer/Platforms/MacOSX.platform/Developer/SDKs/MacOSX.sdk/usr/include/ffi... yes
checking for ffi_prep_closure_loc() in -lffi... yes
checking for ffi_prep_cif_var()... yes
checking for ffi_raw_call()... yes
checking for ffi_prep_raw_closure()... yes
creating extconf.h
creating Makefile

current directory: /Users/miguel/RxSwift+MVVM-Demo/bundler/ruby/2.6.0/gems/ffi-1.13.1/ext/ffi_c
make "DESTDIR=" clean

current directory: /Users/miguel/RxSwift+MVVM-Demo/bundler/ruby/2.6.0/gems/ffi-1.13.1/ext/ffi_c
make "DESTDIR="
compiling AbstractMemory.c
compiling ArrayType.c
compiling Buffer.c
compiling Call.c
compiling ClosurePool.c
compiling DynamicLibrary.c
compiling Function.c
compiling FunctionInfo.c
compiling LastError.c
compiling LongDouble.c
compiling MappedType.c
compiling MemoryPointer.c
compiling MethodHandle.c
compiling Platform.c
compiling Pointer.c
compiling Struct.c
compiling StructByValue.c
compiling StructLayout.c
compiling Thread.c
compiling Type.c
compiling Types.c
compiling Variadic.c
compiling ffi.c
linking shared-object ffi_c.bundle

current directory: /Users/miguel/RxSwift+MVVM-Demo/bundler/ruby/2.6.0/gems/ffi-1.13.1/ext/ffi_c
make "DESTDIR=" install
/usr/local/bin/ginstall -c -m 0755 ffi_c.bundle ./.gem.20200612-2833-1c8g5u2
